[2023-08-22T23:31:53.634+0000] {taskinstance.py:1159} INFO - Dependencies all met for dep_context=non-requeueable deps ti=<TaskInstance: Investimento_api.Extracao_Invest manual__2023-08-22T23:31:50.366944+00:00 [queued]>
[2023-08-22T23:31:53.642+0000] {taskinstance.py:1159} INFO - Dependencies all met for dep_context=requeueable deps ti=<TaskInstance: Investimento_api.Extracao_Invest manual__2023-08-22T23:31:50.366944+00:00 [queued]>
[2023-08-22T23:31:53.643+0000] {taskinstance.py:1361} INFO - Starting attempt 1 of 1
[2023-08-22T23:31:53.654+0000] {taskinstance.py:1382} INFO - Executing <Task(SparkSubmitOperator): Extracao_Invest> on 2023-08-22 23:31:50.366944+00:00
[2023-08-22T23:31:53.659+0000] {standard_task_runner.py:57} INFO - Started process 73 to run task
[2023-08-22T23:31:53.662+0000] {standard_task_runner.py:84} INFO - Running: ['***', 'tasks', 'run', 'Investimento_api', 'Extracao_Invest', 'manual__2023-08-22T23:31:50.366944+00:00', '--job-id', '13', '--raw', '--subdir', 'DAGS_FOLDER/dag.py', '--cfg-path', '/tmp/tmpp52iblhe']
[2023-08-22T23:31:53.666+0000] {standard_task_runner.py:85} INFO - Job 13: Subtask Extracao_Invest
[2023-08-22T23:31:53.713+0000] {task_command.py:415} INFO - Running <TaskInstance: Investimento_api.Extracao_Invest manual__2023-08-22T23:31:50.366944+00:00 [running]> on host 2e97dc76cf86
[2023-08-22T23:31:53.783+0000] {taskinstance.py:1660} INFO - Exporting env vars: AIRFLOW_CTX_DAG_OWNER='***' AIRFLOW_CTX_DAG_ID='Investimento_api' AIRFLOW_CTX_TASK_ID='Extracao_Invest' AIRFLOW_CTX_EXECUTION_DATE='2023-08-22T23:31:50.366944+00:00' AIRFLOW_CTX_TRY_NUMBER='1' AIRFLOW_CTX_DAG_RUN_ID='manual__2023-08-22T23:31:50.366944+00:00'
[2023-08-22T23:31:53.792+0000] {base.py:73} INFO - Using connection ID 'spark-submit' for task execution.
[2023-08-22T23:31:53.793+0000] {spark_submit.py:335} INFO - Spark-Submit cmd: spark-submit --master spark://spark:7077 --name Extracao_Invest ../operators/Raw_Operator.py
[2023-08-22T23:31:53.920+0000] {spark_submit.py:488} INFO - /home/***/.local/lib/python3.8/site-packages/pyspark/bin/load-spark-env.sh: line 68: ps: command not found
[2023-08-22T23:31:56.314+0000] {spark_submit.py:488} INFO - python3: can't open file '/opt/operators/Raw_Operator.py': [Errno 2] No such file or directory
[2023-08-22T23:31:56.332+0000] {spark_submit.py:488} INFO - 23/08/22 23:31:56 INFO ShutdownHookManager: Shutdown hook called
[2023-08-22T23:31:56.335+0000] {spark_submit.py:488} INFO - 23/08/22 23:31:56 INFO ShutdownHookManager: Deleting directory /tmp/spark-18c1bfe5-e2ff-48dd-a26e-bbc4a9f53722
[2023-08-22T23:31:56.380+0000] {taskinstance.py:1943} ERROR - Task failed with exception
Traceback (most recent call last):
  File "/home/airflow/.local/lib/python3.8/site-packages/airflow/providers/apache/spark/operators/spark_submit.py", line 157, in execute
    self._hook.submit(self._application)
  File "/home/airflow/.local/lib/python3.8/site-packages/airflow/providers/apache/spark/hooks/spark_submit.py", line 419, in submit
    raise AirflowException(
airflow.exceptions.AirflowException: Cannot execute: spark-submit --master spark://spark:7077 --name Extracao_Invest ../operators/Raw_Operator.py. Error code is: 2.
[2023-08-22T23:31:56.386+0000] {taskinstance.py:1400} INFO - Marking task as FAILED. dag_id=Investimento_api, task_id=Extracao_Invest, execution_date=20230822T233150, start_date=20230822T233153, end_date=20230822T233156
[2023-08-22T23:31:56.401+0000] {standard_task_runner.py:104} ERROR - Failed to execute job 13 for task Extracao_Invest (Cannot execute: spark-submit --master spark://spark:7077 --name Extracao_Invest ../operators/Raw_Operator.py. Error code is: 2.; 73)
[2023-08-22T23:31:56.446+0000] {local_task_job_runner.py:228} INFO - Task exited with return code 1
[2023-08-22T23:31:56.472+0000] {taskinstance.py:2784} INFO - 0 downstream tasks scheduled from follow-on schedule check
