[2023-08-22T23:56:36.091+0000] {taskinstance.py:1159} INFO - Dependencies all met for dep_context=non-requeueable deps ti=<TaskInstance: Investimento_api.Extracao_Invest manual__2023-08-22T23:56:34.300876+00:00 [queued]>
[2023-08-22T23:56:36.100+0000] {taskinstance.py:1159} INFO - Dependencies all met for dep_context=requeueable deps ti=<TaskInstance: Investimento_api.Extracao_Invest manual__2023-08-22T23:56:34.300876+00:00 [queued]>
[2023-08-22T23:56:36.100+0000] {taskinstance.py:1361} INFO - Starting attempt 1 of 1
[2023-08-22T23:56:36.118+0000] {taskinstance.py:1382} INFO - Executing <Task(SparkSubmitOperator): Extracao_Invest> on 2023-08-22 23:56:34.300876+00:00
[2023-08-22T23:56:36.123+0000] {standard_task_runner.py:57} INFO - Started process 254 to run task
[2023-08-22T23:56:36.127+0000] {standard_task_runner.py:84} INFO - Running: ['***', 'tasks', 'run', 'Investimento_api', 'Extracao_Invest', 'manual__2023-08-22T23:56:34.300876+00:00', '--job-id', '18', '--raw', '--subdir', 'DAGS_FOLDER/dag.py', '--cfg-path', '/tmp/tmp1l3bfpsj']
[2023-08-22T23:56:36.131+0000] {standard_task_runner.py:85} INFO - Job 18: Subtask Extracao_Invest
[2023-08-22T23:56:36.181+0000] {task_command.py:415} INFO - Running <TaskInstance: Investimento_api.Extracao_Invest manual__2023-08-22T23:56:34.300876+00:00 [running]> on host 50926c283932
[2023-08-22T23:56:36.260+0000] {taskinstance.py:1660} INFO - Exporting env vars: AIRFLOW_CTX_DAG_OWNER='***' AIRFLOW_CTX_DAG_ID='Investimento_api' AIRFLOW_CTX_TASK_ID='Extracao_Invest' AIRFLOW_CTX_EXECUTION_DATE='2023-08-22T23:56:34.300876+00:00' AIRFLOW_CTX_TRY_NUMBER='1' AIRFLOW_CTX_DAG_RUN_ID='manual__2023-08-22T23:56:34.300876+00:00'
[2023-08-22T23:56:36.270+0000] {base.py:73} INFO - Using connection ID 'spark-submit' for task execution.
[2023-08-22T23:56:36.271+0000] {spark_submit.py:340} INFO - Spark-Submit cmd: spark-submit --master spark://b6bbbdb31c9d:7077 --name Extracao_Invest ../operators/Raw_Operator.py
[2023-08-22T23:56:36.398+0000] {spark_submit.py:491} INFO - /home/***/.local/lib/python3.8/site-packages/pyspark/bin/load-spark-env.sh: line 68: ps: command not found
[2023-08-22T23:56:38.240+0000] {spark_submit.py:491} INFO - python3: can't open file '/opt/operators/Raw_Operator.py': [Errno 2] No such file or directory
[2023-08-22T23:56:38.257+0000] {spark_submit.py:491} INFO - 23/08/22 23:56:38 INFO ShutdownHookManager: Shutdown hook called
[2023-08-22T23:56:38.259+0000] {spark_submit.py:491} INFO - 23/08/22 23:56:38 INFO ShutdownHookManager: Deleting directory /tmp/spark-3d62b63e-e202-4e51-a49b-cc1c5afb9904
[2023-08-22T23:56:38.292+0000] {taskinstance.py:1943} ERROR - Task failed with exception
Traceback (most recent call last):
  File "/home/airflow/.local/lib/python3.8/site-packages/airflow/providers/apache/spark/operators/spark_submit.py", line 156, in execute
    self._hook.submit(self._application)
  File "/home/airflow/.local/lib/python3.8/site-packages/airflow/providers/apache/spark/hooks/spark_submit.py", line 422, in submit
    raise AirflowException(
airflow.exceptions.AirflowException: Cannot execute: spark-submit --master spark://b6bbbdb31c9d:7077 --name Extracao_Invest ../operators/Raw_Operator.py. Error code is: 2.
[2023-08-22T23:56:38.295+0000] {taskinstance.py:1400} INFO - Marking task as FAILED. dag_id=Investimento_api, task_id=Extracao_Invest, execution_date=20230822T235634, start_date=20230822T235636, end_date=20230822T235638
[2023-08-22T23:56:38.309+0000] {standard_task_runner.py:104} ERROR - Failed to execute job 18 for task Extracao_Invest (Cannot execute: spark-submit --master spark://b6bbbdb31c9d:7077 --name Extracao_Invest ../operators/Raw_Operator.py. Error code is: 2.; 254)
[2023-08-22T23:56:38.347+0000] {local_task_job_runner.py:228} INFO - Task exited with return code 1
[2023-08-22T23:56:38.368+0000] {taskinstance.py:2784} INFO - 0 downstream tasks scheduled from follow-on schedule check
