[2023-08-22T23:54:50.151+0000] {taskinstance.py:1159} INFO - Dependencies all met for dep_context=non-requeueable deps ti=<TaskInstance: Investimento_api.Extracao_Invest manual__2023-08-22T23:54:48.006089+00:00 [queued]>
[2023-08-22T23:54:50.160+0000] {taskinstance.py:1159} INFO - Dependencies all met for dep_context=requeueable deps ti=<TaskInstance: Investimento_api.Extracao_Invest manual__2023-08-22T23:54:48.006089+00:00 [queued]>
[2023-08-22T23:54:50.160+0000] {taskinstance.py:1361} INFO - Starting attempt 1 of 1
[2023-08-22T23:54:50.175+0000] {taskinstance.py:1382} INFO - Executing <Task(SparkSubmitOperator): Extracao_Invest> on 2023-08-22 23:54:48.006089+00:00
[2023-08-22T23:54:50.181+0000] {standard_task_runner.py:57} INFO - Started process 164 to run task
[2023-08-22T23:54:50.185+0000] {standard_task_runner.py:84} INFO - Running: ['***', 'tasks', 'run', 'Investimento_api', 'Extracao_Invest', 'manual__2023-08-22T23:54:48.006089+00:00', '--job-id', '17', '--raw', '--subdir', 'DAGS_FOLDER/dag.py', '--cfg-path', '/tmp/tmpux7985a5']
[2023-08-22T23:54:50.189+0000] {standard_task_runner.py:85} INFO - Job 17: Subtask Extracao_Invest
[2023-08-22T23:54:50.238+0000] {task_command.py:415} INFO - Running <TaskInstance: Investimento_api.Extracao_Invest manual__2023-08-22T23:54:48.006089+00:00 [running]> on host 50926c283932
[2023-08-22T23:54:50.309+0000] {taskinstance.py:1660} INFO - Exporting env vars: AIRFLOW_CTX_DAG_OWNER='***' AIRFLOW_CTX_DAG_ID='Investimento_api' AIRFLOW_CTX_TASK_ID='Extracao_Invest' AIRFLOW_CTX_EXECUTION_DATE='2023-08-22T23:54:48.006089+00:00' AIRFLOW_CTX_TRY_NUMBER='1' AIRFLOW_CTX_DAG_RUN_ID='manual__2023-08-22T23:54:48.006089+00:00'
[2023-08-22T23:54:50.320+0000] {base.py:73} INFO - Using connection ID 'spark-submit' for task execution.
[2023-08-22T23:54:50.321+0000] {spark_submit.py:340} INFO - Spark-Submit cmd: spark-submit --master local[*] --name Extracao_Invest ../operators/Raw_Operator.py
[2023-08-22T23:54:50.461+0000] {spark_submit.py:491} INFO - /home/***/.local/lib/python3.8/site-packages/pyspark/bin/load-spark-env.sh: line 68: ps: command not found
[2023-08-22T23:54:52.504+0000] {spark_submit.py:491} INFO - python3: can't open file '/opt/operators/Raw_Operator.py': [Errno 2] No such file or directory
[2023-08-22T23:54:52.521+0000] {spark_submit.py:491} INFO - 23/08/22 23:54:52 INFO ShutdownHookManager: Shutdown hook called
[2023-08-22T23:54:52.524+0000] {spark_submit.py:491} INFO - 23/08/22 23:54:52 INFO ShutdownHookManager: Deleting directory /tmp/spark-2116f101-5ad6-4f72-8ade-9765413651eb
[2023-08-22T23:54:52.556+0000] {taskinstance.py:1943} ERROR - Task failed with exception
Traceback (most recent call last):
  File "/home/airflow/.local/lib/python3.8/site-packages/airflow/providers/apache/spark/operators/spark_submit.py", line 156, in execute
    self._hook.submit(self._application)
  File "/home/airflow/.local/lib/python3.8/site-packages/airflow/providers/apache/spark/hooks/spark_submit.py", line 422, in submit
    raise AirflowException(
airflow.exceptions.AirflowException: Cannot execute: spark-submit --master local[*] --name Extracao_Invest ../operators/Raw_Operator.py. Error code is: 2.
[2023-08-22T23:54:52.560+0000] {taskinstance.py:1400} INFO - Marking task as FAILED. dag_id=Investimento_api, task_id=Extracao_Invest, execution_date=20230822T235448, start_date=20230822T235450, end_date=20230822T235452
[2023-08-22T23:54:52.593+0000] {standard_task_runner.py:104} ERROR - Failed to execute job 17 for task Extracao_Invest (Cannot execute: spark-submit --master local[*] --name Extracao_Invest ../operators/Raw_Operator.py. Error code is: 2.; 164)
[2023-08-22T23:54:52.606+0000] {local_task_job_runner.py:228} INFO - Task exited with return code 1
[2023-08-22T23:54:52.629+0000] {taskinstance.py:2784} INFO - 0 downstream tasks scheduled from follow-on schedule check
